<?xml version="1.0" encoding="UTF-8"?>
<testng-results ignored="0" total="6" passed="6" failed="0" skipped="0">
  <reporter-output>
  </reporter-output>
  <suite started-at="2022-03-02T12:25:55 IST" name="Suite" finished-at="2022-03-02T12:26:45 IST" duration-ms="49920">
    <groups>
    </groups>
    <test started-at="2022-03-02T12:25:55 IST" name="Test" finished-at="2022-03-02T12:26:45 IST" duration-ms="49920">
      <class name="store.Website">
        <test-method is-config="true" signature="beforeClass()[pri:0, instance:store.Website@34f5090e]" started-at="2022-03-02T12:25:55 IST" name="beforeClass" finished-at="2022-03-02T12:26:14 IST" duration-ms="19437" status="PASS">
          <reporter-output>
          </reporter-output>
        </test-method> <!-- beforeClass -->
        <test-method signature="a()[pri:0, instance:store.Website@34f5090e]" started-at="2022-03-02T12:26:15 IST" name="a" finished-at="2022-03-02T12:26:24 IST" duration-ms="9852" status="PASS">
          <reporter-output>
          </reporter-output>
        </test-method> <!-- a -->
        <test-method signature="b()[pri:1, instance:store.Website@34f5090e]" started-at="2022-03-02T12:26:24 IST" name="b" finished-at="2022-03-02T12:26:30 IST" duration-ms="6017" status="PASS">
          <reporter-output>
          </reporter-output>
        </test-method> <!-- b -->
        <test-method signature="c()[pri:2, instance:store.Website@34f5090e]" started-at="2022-03-02T12:26:30 IST" name="c" finished-at="2022-03-02T12:26:36 IST" duration-ms="5711" status="PASS">
          <reporter-output>
          </reporter-output>
        </test-method> <!-- c -->
        <test-method signature="d()[pri:3, instance:store.Website@34f5090e]" started-at="2022-03-02T12:26:36 IST" name="d" finished-at="2022-03-02T12:26:41 IST" duration-ms="5397" status="PASS">
          <reporter-output>
          </reporter-output>
        </test-method> <!-- d -->
        <test-method signature="e()[pri:4, instance:store.Website@34f5090e]" started-at="2022-03-02T12:26:42 IST" name="e" finished-at="2022-03-02T12:26:44 IST" duration-ms="2792" status="PASS">
          <reporter-output>
          </reporter-output>
        </test-method> <!-- e -->
        <test-method signature="f()[pri:5, instance:store.Website@34f5090e]" started-at="2022-03-02T12:26:44 IST" name="f" finished-at="2022-03-02T12:26:45 IST" duration-ms="630" status="PASS">
          <reporter-output>
          </reporter-output>
        </test-method> <!-- f -->
        <test-method is-config="true" signature="afterClass()[pri:0, instance:store.Website@34f5090e]" started-at="2022-03-02T12:26:45 IST" name="afterClass" finished-at="2022-03-02T12:26:45 IST" duration-ms="0" status="PASS">
          <reporter-output>
          </reporter-output>
        </test-method> <!-- afterClass -->
      </class> <!-- store.Website -->
    </test> <!-- Test -->
  </suite> <!-- Suite -->
</testng-results>
