<?xml version="1.0" encoding="UTF-8"?>
<!-- Generated by org.testng.reporters.JUnitXMLReporter -->
<testsuite ignored="0" hostname="DESKTOP-DA4AKM5" failures="0" tests="6" name="Default test" time="77.022" errors="0" timestamp="2022-03-01T19:39:34 IST">
  <testcase classname="store.Website" name="a" time="20.171"/>
  <testcase classname="store.Website" name="b" time="8.975"/>
  <testcase classname="store.Website" name="c" time="8.256"/>
  <testcase classname="store.Website" name="d" time="10.055"/>
  <testcase classname="store.Website" name="e" time="4.711"/>
  <testcase classname="store.Website" name="f" time="0.941"/>
</testsuite> <!-- Default test -->
