<?xml version="1.0" encoding="UTF-8"?>
<!-- Generated by org.testng.reporters.JUnitXMLReporter -->
<testsuite ignored="0" hostname="DESKTOP-DA4AKM5" failures="0" tests="6" name="Test" time="49.92" errors="0" timestamp="2022-03-02T12:26:45 IST">
  <testcase classname="store.Website" name="a" time="9.852"/>
  <testcase classname="store.Website" name="b" time="6.017"/>
  <testcase classname="store.Website" name="c" time="5.711"/>
  <testcase classname="store.Website" name="d" time="5.397"/>
  <testcase classname="store.Website" name="e" time="2.792"/>
  <testcase classname="store.Website" name="f" time="0.63"/>
</testsuite> <!-- Test -->
